/*C12*/SET SCHEMA PUBLIC
DISCONNECT
/*C13*/SET SCHEMA PUBLIC
INSERT INTO USERS VALUES(670,'Ami','Weinhaus','AmiMami')
COMMIT
DISCONNECT
/*C14*/SET SCHEMA PUBLIC
INSERT INTO USER_DATA_GENERAL VALUES(670,52.0E0,'2017-02-03','1999-10-23')
COMMIT
DISCONNECT
/*C15*/SET SCHEMA PUBLIC
DISCONNECT
/*C16*/SET SCHEMA PUBLIC
DISCONNECT
/*C17*/SET SCHEMA PUBLIC
INSERT INTO USERS VALUES(671,'Robert','Posterwand','RoPo')
COMMIT
DISCONNECT
/*C18*/SET SCHEMA PUBLIC
INSERT INTO USER_DATA_GENERAL VALUES(671,152.0E0,'2017-02-03','1999-10-23')
COMMIT
DISCONNECT
/*C19*/SET SCHEMA PUBLIC
DISCONNECT
